{
  "stats": {
    "suites": 8,
    "tests": 16,
    "passes": 16,
    "pending": 0,
    "failures": 0,
    "start": "2021-09-22T14:52:53.308Z",
    "end": "2021-09-22T14:53:16.471Z",
    "duration": 23163,
    "testsRegistered": 16,
    "passPercent": 100,
    "pendingPercent": 0,
    "other": 0,
    "hasOther": false,
    "skipped": 0,
    "hasSkipped": false
  },
  "results": [
    {
      "uuid": "7cfc87de-bf54-4d20-8352-92378f9d6b80",
      "title": "",
      "fullFile": "",
      "file": "",
      "beforeHooks": [],
      "afterHooks": [],
      "tests": [],
      "suites": [
        {
          "uuid": "11abd901-c2be-4acb-875e-488eba72e84a",
          "title": "Users Posts",
          "fullFile": "G:\\Automation_Bro\\super-api-test\\test\\post.js",
          "file": "\\test\\post.js",
          "beforeHooks": [
            {
              "title": "\"before all\" hook in \"Users Posts\"",
              "fullTitle": "Users Posts \"before all\" hook in \"Users Posts\"",
              "timedOut": false,
              "duration": 2613,
              "state": null,
              "speed": null,
              "pass": false,
              "fail": false,
              "pending": false,
              "context": null,
              "code": "var self = this,\n    args = arguments;\nreturn new Promise(function (resolve, reject) {\n  var gen = fn.apply(self, args);\n  function _next(value) {\n    asyncGeneratorStep(gen, resolve, reject, _next, _throw, \"next\", value);\n  }\n  function _throw(err) {\n    asyncGeneratorStep(gen, resolve, reject, _next, _throw, \"throw\", err);\n  }\n  _next(undefined);\n});",
              "err": {},
              "uuid": "dd8c57e3-9df9-4d4b-bdeb-c4c4b986cb74",
              "parentUUID": "11abd901-c2be-4acb-875e-488eba72e84a",
              "isHook": true,
              "skipped": false
            }
          ],
          "afterHooks": [],
          "tests": [
            {
              "title": "/posts",
              "fullTitle": "Users Posts /posts",
              "timedOut": false,
              "duration": 4248,
              "state": "passed",
              "speed": "slow",
              "pass": true,
              "fail": false,
              "pending": false,
              "context": null,
              "code": "var self = this,\n    args = arguments;\nreturn new Promise(function (resolve, reject) {\n  var gen = fn.apply(self, args);\n  function _next(value) {\n    asyncGeneratorStep(gen, resolve, reject, _next, _throw, \"next\", value);\n  }\n  function _throw(err) {\n    asyncGeneratorStep(gen, resolve, reject, _next, _throw, \"throw\", err);\n  }\n  _next(undefined);\n});",
              "err": {},
              "uuid": "1efd14fd-1237-47b2-a680-0ab76a652541",
              "parentUUID": "11abd901-c2be-4acb-875e-488eba72e84a",
              "isHook": false,
              "skipped": false
            },
            {
              "title": "GET /posts/:id",
              "fullTitle": "Users Posts GET /posts/:id",
              "timedOut": false,
              "duration": 713,
              "state": "passed",
              "speed": "slow",
              "pass": true,
              "fail": false,
              "pending": false,
              "context": null,
              "code": "var self = this,\n    args = arguments;\nreturn new Promise(function (resolve, reject) {\n  var gen = fn.apply(self, args);\n  function _next(value) {\n    asyncGeneratorStep(gen, resolve, reject, _next, _throw, \"next\", value);\n  }\n  function _throw(err) {\n    asyncGeneratorStep(gen, resolve, reject, _next, _throw, \"throw\", err);\n  }\n  _next(undefined);\n});",
              "err": {},
              "uuid": "c3a761c6-1798-4ad8-ac3b-75ffb5b056c6",
              "parentUUID": "11abd901-c2be-4acb-875e-488eba72e84a",
              "isHook": false,
              "skipped": false
            }
          ],
          "suites": [
            {
              "uuid": "39020db1-8204-4a39-b208-3ea0ff9225c3",
              "title": "Negatuve Test",
              "fullFile": "G:\\Automation_Bro\\super-api-test\\test\\post.js",
              "file": "\\test\\post.js",
              "beforeHooks": [],
              "afterHooks": [],
              "tests": [
                {
                  "title": "401 Authentication Failed",
                  "fullTitle": "Users Posts Negatuve Test 401 Authentication Failed",
                  "timedOut": false,
                  "duration": 1420,
                  "state": "passed",
                  "speed": "slow",
                  "pass": true,
                  "fail": false,
                  "pending": false,
                  "context": null,
                  "code": "var self = this,\n    args = arguments;\nreturn new Promise(function (resolve, reject) {\n  var gen = fn.apply(self, args);\n  function _next(value) {\n    asyncGeneratorStep(gen, resolve, reject, _next, _throw, \"next\", value);\n  }\n  function _throw(err) {\n    asyncGeneratorStep(gen, resolve, reject, _next, _throw, \"throw\", err);\n  }\n  _next(undefined);\n});",
                  "err": {},
                  "uuid": "3b0f27e8-2ffe-42ab-89a8-3b6ab2fbac77",
                  "parentUUID": "39020db1-8204-4a39-b208-3ea0ff9225c3",
                  "isHook": false,
                  "skipped": false
                },
                {
                  "title": "422 Validation Failed",
                  "fullTitle": "Users Posts Negatuve Test 422 Validation Failed",
                  "timedOut": false,
                  "duration": 703,
                  "state": "passed",
                  "speed": "slow",
                  "pass": true,
                  "fail": false,
                  "pending": false,
                  "context": null,
                  "code": "var self = this,\n    args = arguments;\nreturn new Promise(function (resolve, reject) {\n  var gen = fn.apply(self, args);\n  function _next(value) {\n    asyncGeneratorStep(gen, resolve, reject, _next, _throw, \"next\", value);\n  }\n  function _throw(err) {\n    asyncGeneratorStep(gen, resolve, reject, _next, _throw, \"throw\", err);\n  }\n  _next(undefined);\n});",
                  "err": {},
                  "uuid": "f6b84aa4-24bf-4b78-add7-a3feacb27fe3",
                  "parentUUID": "39020db1-8204-4a39-b208-3ea0ff9225c3",
                  "isHook": false,
                  "skipped": false
                }
              ],
              "suites": [],
              "passes": [
                "3b0f27e8-2ffe-42ab-89a8-3b6ab2fbac77",
                "f6b84aa4-24bf-4b78-add7-a3feacb27fe3"
              ],
              "failures": [],
              "pending": [],
              "skipped": [],
              "duration": 2123,
              "root": false,
              "rootEmpty": false,
              "_timeout": 50000
            }
          ],
          "passes": [
            "1efd14fd-1237-47b2-a680-0ab76a652541",
            "c3a761c6-1798-4ad8-ac3b-75ffb5b056c6"
          ],
          "failures": [],
          "pending": [],
          "skipped": [],
          "duration": 4961,
          "root": false,
          "rootEmpty": false,
          "_timeout": 50000
        },
        {
          "uuid": "c3ed2f52-8b9a-4a5c-90d2-89e7f826db26",
          "title": "Users",
          "fullFile": "G:\\Automation_Bro\\super-api-test\\test\\user-advanced.js",
          "file": "\\test\\user-advanced.js",
          "beforeHooks": [],
          "afterHooks": [],
          "tests": [],
          "suites": [
            {
              "uuid": "665bca4d-2579-437b-b5d5-891364661b0c",
              "title": "POST",
              "fullFile": "G:\\Automation_Bro\\super-api-test\\test\\user-advanced.js",
              "file": "\\test\\user-advanced.js",
              "beforeHooks": [],
              "afterHooks": [],
              "tests": [
                {
                  "title": "Post /users ",
                  "fullTitle": "Users POST Post /users ",
                  "timedOut": false,
                  "duration": 696,
                  "state": "passed",
                  "speed": "slow",
                  "pass": true,
                  "fail": false,
                  "pending": false,
                  "context": null,
                  "code": "var data = {\n  email: faker.internet.email(),\n  name: faker.name.firstName(),\n  gender: \"male\",\n  status: \"active\"\n};\nreturn _commmon[\"default\"].post('users').set('Authorization', \"Bearer \".concat(TOKEN)).send(data).then(function (res) {\n  userId = res.body.data.id;\n  console.log(userId);\n  if (res.status == 201) {\n    console.log(\"Test Passed\");\n  } else {\n    console.log(\"Test Failed\");\n  }\n  (0, _chai.expect)(res.body.data).to.deep.include(data);\n});",
                  "err": {},
                  "uuid": "1de2a9eb-8062-450c-9aa0-83e5801d2671",
                  "parentUUID": "665bca4d-2579-437b-b5d5-891364661b0c",
                  "isHook": false,
                  "skipped": false
                }
              ],
              "suites": [],
              "passes": [
                "1de2a9eb-8062-450c-9aa0-83e5801d2671"
              ],
              "failures": [],
              "pending": [],
              "skipped": [],
              "duration": 696,
              "root": false,
              "rootEmpty": false,
              "_timeout": 50000
            },
            {
              "uuid": "b64ff307-d900-4a61-b608-949f73ecb066",
              "title": "GET",
              "fullFile": "G:\\Automation_Bro\\super-api-test\\test\\user-advanced.js",
              "file": "\\test\\user-advanced.js",
              "beforeHooks": [],
              "afterHooks": [],
              "tests": [
                {
                  "title": "all users",
                  "fullTitle": "Users GET all users",
                  "timedOut": false,
                  "duration": 693,
                  "state": "passed",
                  "speed": "slow",
                  "pass": true,
                  "fail": false,
                  "pending": false,
                  "context": null,
                  "code": "return _commmon[\"default\"].get(\"users?access-token=\".concat(TOKEN)).then(function (res) {\n  (0, _chai.expect)(200);\n  (0, _chai.expect)(res.body.data).to.not.be.empty;\n});",
                  "err": {},
                  "uuid": "8d180387-ee11-4ee9-8c9c-6797a79dd742",
                  "parentUUID": "b64ff307-d900-4a61-b608-949f73ecb066",
                  "isHook": false,
                  "skipped": false
                },
                {
                  "title": " Specific users ",
                  "fullTitle": "Users GET  Specific users ",
                  "timedOut": false,
                  "duration": 687,
                  "state": "passed",
                  "speed": "slow",
                  "pass": true,
                  "fail": false,
                  "pending": false,
                  "context": null,
                  "code": "return _commmon[\"default\"].get(\"users/\".concat(userId, \"?access-token=\").concat(TOKEN)).then(function (res) {\n  (0, _chai.expect)(200);\n  (0, _chai.expect)(res.body.data.id).to.be.eq(userId);\n});",
                  "err": {},
                  "uuid": "9ce89db5-f4ca-4bf9-9c63-1850a856b33c",
                  "parentUUID": "b64ff307-d900-4a61-b608-949f73ecb066",
                  "isHook": false,
                  "skipped": false
                },
                {
                  "title": "users with query params",
                  "fullTitle": "Users GET users with query params",
                  "timedOut": false,
                  "duration": 1745,
                  "state": "passed",
                  "speed": "slow",
                  "pass": true,
                  "fail": false,
                  "pending": false,
                  "context": null,
                  "code": "var url = \"users?access-token=\".concat(TOKEN, \"&page=5&gender=female&status=active\");\nreturn _commmon[\"default\"].get(url).then(function (res) {\n  (0, _chai.expect)(200);\n  console.log(res.body);\n  (0, _chai.expect)(res.body.data).to.not.be.empty;\n  res.body.data.forEach(function (data) {\n    (0, _chai.expect)(data.gender).to.be.eq('female');\n    (0, _chai.expect)(data.status).to.be.eq('active');\n  });\n  (0, _chai.expect)(res.body.meta.pagination.page).to.be.eq(5);\n});",
                  "err": {},
                  "uuid": "e38b7728-01e5-4ee5-9d55-e25d0296d9b1",
                  "parentUUID": "b64ff307-d900-4a61-b608-949f73ecb066",
                  "isHook": false,
                  "skipped": false
                }
              ],
              "suites": [],
              "passes": [
                "8d180387-ee11-4ee9-8c9c-6797a79dd742",
                "9ce89db5-f4ca-4bf9-9c63-1850a856b33c",
                "e38b7728-01e5-4ee5-9d55-e25d0296d9b1"
              ],
              "failures": [],
              "pending": [],
              "skipped": [],
              "duration": 3125,
              "root": false,
              "rootEmpty": false,
              "_timeout": 50000
            },
            {
              "uuid": "21f3a250-7afa-422e-a8ea-432326feba07",
              "title": "Put test",
              "fullFile": "G:\\Automation_Bro\\super-api-test\\test\\user-advanced.js",
              "file": "\\test\\user-advanced.js",
              "beforeHooks": [],
              "afterHooks": [],
              "tests": [
                {
                  "title": "Put /users/:id ",
                  "fullTitle": "Users Put test Put /users/:id ",
                  "timedOut": false,
                  "duration": 1238,
                  "state": "passed",
                  "speed": "slow",
                  "pass": true,
                  "fail": false,
                  "pending": false,
                  "context": null,
                  "code": "var editdata = {\n  gender: \"female\",\n  status: \"active\"\n};\nreturn _commmon[\"default\"].put(\"users/\".concat(userId)).set('Authorization', \"Bearer \".concat(TOKEN)).send(editdata).then(function (res) {\n  (0, _chai.expect)(200);\n  (0, _chai.expect)(res.body.data).to.deep.include(editdata);\n});",
                  "err": {},
                  "uuid": "846c8591-d48d-4cc1-9521-4890e46dc16d",
                  "parentUUID": "21f3a250-7afa-422e-a8ea-432326feba07",
                  "isHook": false,
                  "skipped": false
                }
              ],
              "suites": [],
              "passes": [
                "846c8591-d48d-4cc1-9521-4890e46dc16d"
              ],
              "failures": [],
              "pending": [],
              "skipped": [],
              "duration": 1238,
              "root": false,
              "rootEmpty": false,
              "_timeout": 50000
            },
            {
              "uuid": "3dc91e89-a608-4301-93fc-1152d5266992",
              "title": "Delete user",
              "fullFile": "G:\\Automation_Bro\\super-api-test\\test\\user-advanced.js",
              "file": "\\test\\user-advanced.js",
              "beforeHooks": [],
              "afterHooks": [],
              "tests": [
                {
                  "title": "users/:id ",
                  "fullTitle": "Users Delete user users/:id ",
                  "timedOut": false,
                  "duration": 1724,
                  "state": "passed",
                  "speed": "slow",
                  "pass": true,
                  "fail": false,
                  "pending": false,
                  "context": null,
                  "code": "return _commmon[\"default\"][\"delete\"](\"users/\".concat(userId, \"?access-token=\").concat(TOKEN)).then(function (res) {\n  (0, _chai.expect)(204);\n  console.log(res.body);\n  (0, _chai.expect)(res.body.data).to.be.undefined;\n});",
                  "err": {},
                  "uuid": "7f6a4454-8a7d-4d90-a5cc-188bf45f33b7",
                  "parentUUID": "3dc91e89-a608-4301-93fc-1152d5266992",
                  "isHook": false,
                  "skipped": false
                }
              ],
              "suites": [],
              "passes": [
                "7f6a4454-8a7d-4d90-a5cc-188bf45f33b7"
              ],
              "failures": [],
              "pending": [],
              "skipped": [],
              "duration": 1724,
              "root": false,
              "rootEmpty": false,
              "_timeout": 50000
            }
          ],
          "passes": [],
          "failures": [],
          "pending": [],
          "skipped": [],
          "duration": 0,
          "root": false,
          "rootEmpty": false,
          "_timeout": 50000
        },
        {
          "uuid": "c945c74f-f014-45f1-a625-4f19a3277f9c",
          "title": "Users",
          "fullFile": "G:\\Automation_Bro\\super-api-test\\test\\user.js",
          "file": "\\test\\user.js",
          "beforeHooks": [],
          "afterHooks": [],
          "tests": [
            {
              "title": "GET /users",
              "fullTitle": "Users GET /users",
              "timedOut": false,
              "duration": 717,
              "state": "passed",
              "speed": "slow",
              "pass": true,
              "fail": false,
              "pending": false,
              "context": null,
              "code": "return request.get(\"users?access-token=\".concat(TOKEN)).then(function (res) {\n  (0, _chai.expect)(200);\n  (0, _chai.expect)(res.body.data).to.not.be.empty;\n});",
              "err": {},
              "uuid": "e4152b8e-6535-424e-8286-40cf9770b42e",
              "parentUUID": "c945c74f-f014-45f1-a625-4f19a3277f9c",
              "isHook": false,
              "skipped": false
            },
            {
              "title": "GET / Specific users ",
              "fullTitle": "Users GET / Specific users ",
              "timedOut": false,
              "duration": 1982,
              "state": "passed",
              "speed": "slow",
              "pass": true,
              "fail": false,
              "pending": false,
              "context": null,
              "code": "return request.get(\"users/313?access-token=\".concat(TOKEN)).then(function (res) {\n  (0, _chai.expect)(200);\n  (0, _chai.expect)(res.body.data.id).to.be.eq(313);\n});",
              "err": {},
              "uuid": "67cac497-8f17-4961-8e1e-8a7954cf393b",
              "parentUUID": "c945c74f-f014-45f1-a625-4f19a3277f9c",
              "isHook": false,
              "skipped": false
            },
            {
              "title": "GET /users with query params",
              "fullTitle": "Users GET /users with query params",
              "timedOut": false,
              "duration": 951,
              "state": "passed",
              "speed": "slow",
              "pass": true,
              "fail": false,
              "pending": false,
              "context": null,
              "code": "var url = \"users?access-token=\".concat(TOKEN, \"&page=5&gender=female&status=active\");\nreturn request.get(url).then(function (res) {\n  (0, _chai.expect)(200);\n  console.log(res.body);\n  (0, _chai.expect)(res.body.data).to.not.be.empty;\n  res.body.data.forEach(function (data) {\n    (0, _chai.expect)(data.gender).to.be.eq('female');\n    (0, _chai.expect)(data.status).to.be.eq('active');\n  }); //console.log(res.body.meta)\n  (0, _chai.expect)(res.body.meta.pagination.page).to.be.eq(5);\n});",
              "err": {},
              "uuid": "3f04e09a-a935-43a0-a32a-440288dfd38f",
              "parentUUID": "c945c74f-f014-45f1-a625-4f19a3277f9c",
              "isHook": false,
              "skipped": false
            },
            {
              "title": "Post /users ",
              "fullTitle": "Users Post /users ",
              "timedOut": false,
              "duration": 700,
              "state": "passed",
              "speed": "slow",
              "pass": true,
              "fail": false,
              "pending": false,
              "context": null,
              "code": "var data = {\n  email: faker.internet.email(),\n  name: faker.name.firstName(),\n  gender: \"male\",\n  status: \"active\"\n};\nreturn request.post('users').set('Authorization', \"Bearer \".concat(TOKEN)).send(data).then(function (res) {\n  // return request.post(`users?access-token=${TOKEN}&email=fahimali3@gmail.com&name=hasibali&gender=male&status=active`).then((res)=>{\n  (0, _chai.expect)(201);\n  (0, _chai.expect)(res.body.data).to.deep.include(data);\n  UserID = res.body.data.id;\n});",
              "err": {},
              "uuid": "c576c151-e556-433b-86a9-ca4d0f07173b",
              "parentUUID": "c945c74f-f014-45f1-a625-4f19a3277f9c",
              "isHook": false,
              "skipped": false
            },
            {
              "title": "Put /users/:id ",
              "fullTitle": "Users Put /users/:id ",
              "timedOut": false,
              "duration": 1599,
              "state": "passed",
              "speed": "slow",
              "pass": true,
              "fail": false,
              "pending": false,
              "context": null,
              "code": "var editdata = {\n  gender: \"female\",\n  status: \"active\"\n};\nreturn request.put('users/313').set('Authorization', \"Bearer \".concat(TOKEN)).send(editdata).then(function (res) {\n  if (res.status == 200) {\n    console.log(\"Test Passed\");\n  } else {\n    console.log(\"Test Failed\");\n  }\n  (0, _chai.expect)(res.body.data).to.deep.include(editdata);\n});",
              "err": {},
              "uuid": "dce6db9f-727d-46d1-8dd7-adee8d923685",
              "parentUUID": "c945c74f-f014-45f1-a625-4f19a3277f9c",
              "isHook": false,
              "skipped": false
            },
            {
              "title": "Delete /users/:id ",
              "fullTitle": "Users Delete /users/:id ",
              "timedOut": false,
              "duration": 701,
              "state": "passed",
              "speed": "slow",
              "pass": true,
              "fail": false,
              "pending": false,
              "context": null,
              "code": "return request[\"delete\"](\"users/\".concat(UserID, \"?access-token=\").concat(TOKEN)).then(function (res) {\n  (0, _chai.expect)(204);\n  (0, _chai.expect)(res.body.data).to.be.undefined;\n});",
              "err": {},
              "uuid": "c86b8007-dc70-4d51-ba13-70ae0306fa08",
              "parentUUID": "c945c74f-f014-45f1-a625-4f19a3277f9c",
              "isHook": false,
              "skipped": false
            }
          ],
          "suites": [],
          "passes": [
            "e4152b8e-6535-424e-8286-40cf9770b42e",
            "67cac497-8f17-4961-8e1e-8a7954cf393b",
            "3f04e09a-a935-43a0-a32a-440288dfd38f",
            "c576c151-e556-433b-86a9-ca4d0f07173b",
            "dce6db9f-727d-46d1-8dd7-adee8d923685",
            "c86b8007-dc70-4d51-ba13-70ae0306fa08"
          ],
          "failures": [],
          "pending": [],
          "skipped": [],
          "duration": 6650,
          "root": false,
          "rootEmpty": false,
          "_timeout": 50000
        }
      ],
      "passes": [],
      "failures": [],
      "pending": [],
      "skipped": [],
      "duration": 0,
      "root": true,
      "rootEmpty": true,
      "_timeout": 50000
    }
  ],
  "meta": {
    "mocha": {
      "version": "9.1.1"
    },
    "mochawesome": {
      "options": {
        "quiet": false,
        "reportFilename": "mochawesome",
        "saveHtml": true,
        "saveJson": true,
        "consoleReporter": "spec",
        "useInlineDiffs": false,
        "code": true
      },
      "version": "6.2.2"
    },
    "marge": {
      "options": null,
      "version": "5.2.0"
    }
  }
}