{
  "stats": {
    "suites": 8,
    "tests": 16,
    "passes": 16,
    "pending": 0,
    "failures": 0,
    "start": "2021-09-20T13:31:04.237Z",
    "end": "2021-09-20T13:31:16.514Z",
    "duration": 12277,
    "testsRegistered": 16,
    "passPercent": 100,
    "pendingPercent": 0,
    "other": 0,
    "hasOther": false,
    "skipped": 0,
    "hasSkipped": false
  },
  "results": [
    {
      "uuid": "e61c8f05-5fa6-4e97-9357-6ffdd297fff6",
      "title": "",
      "fullFile": "",
      "file": "",
      "beforeHooks": [],
      "afterHooks": [],
      "tests": [],
      "suites": [
        {
          "uuid": "7437f5a8-539f-4f7a-acfb-91e5014badc2",
          "title": "Users Posts",
          "fullFile": "G:\\Automation Bro\\super-api-test\\test\\post.js",
          "file": "\\test\\post.js",
          "beforeHooks": [
            {
              "title": "\"before all\" hook in \"Users Posts\"",
              "fullTitle": "Users Posts \"before all\" hook in \"Users Posts\"",
              "timedOut": false,
              "duration": 768,
              "state": null,
              "speed": null,
              "pass": false,
              "fail": false,
              "pending": false,
              "context": null,
              "code": "var self = this,\n    args = arguments;\nreturn new Promise(function (resolve, reject) {\n  var gen = fn.apply(self, args);\n  function _next(value) {\n    asyncGeneratorStep(gen, resolve, reject, _next, _throw, \"next\", value);\n  }\n  function _throw(err) {\n    asyncGeneratorStep(gen, resolve, reject, _next, _throw, \"throw\", err);\n  }\n  _next(undefined);\n});",
              "err": {},
              "uuid": "fd73e277-18a9-41c4-8e95-f47e16bcc02e",
              "parentUUID": "7437f5a8-539f-4f7a-acfb-91e5014badc2",
              "isHook": true,
              "skipped": false
            }
          ],
          "afterHooks": [],
          "tests": [
            {
              "title": "/posts",
              "fullTitle": "Users Posts /posts",
              "timedOut": false,
              "duration": 741,
              "state": "passed",
              "speed": "slow",
              "pass": true,
              "fail": false,
              "pending": false,
              "context": null,
              "code": "var self = this,\n    args = arguments;\nreturn new Promise(function (resolve, reject) {\n  var gen = fn.apply(self, args);\n  function _next(value) {\n    asyncGeneratorStep(gen, resolve, reject, _next, _throw, \"next\", value);\n  }\n  function _throw(err) {\n    asyncGeneratorStep(gen, resolve, reject, _next, _throw, \"throw\", err);\n  }\n  _next(undefined);\n});",
              "err": {},
              "uuid": "a41a6b26-aa1e-463e-9beb-4c7449aafe37",
              "parentUUID": "7437f5a8-539f-4f7a-acfb-91e5014badc2",
              "isHook": false,
              "skipped": false
            },
            {
              "title": "GET /posts/:id",
              "fullTitle": "Users Posts GET /posts/:id",
              "timedOut": false,
              "duration": 715,
              "state": "passed",
              "speed": "slow",
              "pass": true,
              "fail": false,
              "pending": false,
              "context": null,
              "code": "var self = this,\n    args = arguments;\nreturn new Promise(function (resolve, reject) {\n  var gen = fn.apply(self, args);\n  function _next(value) {\n    asyncGeneratorStep(gen, resolve, reject, _next, _throw, \"next\", value);\n  }\n  function _throw(err) {\n    asyncGeneratorStep(gen, resolve, reject, _next, _throw, \"throw\", err);\n  }\n  _next(undefined);\n});",
              "err": {},
              "uuid": "c0fe107e-d86d-4851-87da-279054ea9499",
              "parentUUID": "7437f5a8-539f-4f7a-acfb-91e5014badc2",
              "isHook": false,
              "skipped": false
            }
          ],
          "suites": [
            {
              "uuid": "6417a065-832a-49f5-94a1-3b67c5df9033",
              "title": "Negatuve Test",
              "fullFile": "G:\\Automation Bro\\super-api-test\\test\\post.js",
              "file": "\\test\\post.js",
              "beforeHooks": [],
              "afterHooks": [],
              "tests": [
                {
                  "title": "401 Authentication Failed",
                  "fullTitle": "Users Posts Negatuve Test 401 Authentication Failed",
                  "timedOut": false,
                  "duration": 684,
                  "state": "passed",
                  "speed": "slow",
                  "pass": true,
                  "fail": false,
                  "pending": false,
                  "context": null,
                  "code": "var self = this,\n    args = arguments;\nreturn new Promise(function (resolve, reject) {\n  var gen = fn.apply(self, args);\n  function _next(value) {\n    asyncGeneratorStep(gen, resolve, reject, _next, _throw, \"next\", value);\n  }\n  function _throw(err) {\n    asyncGeneratorStep(gen, resolve, reject, _next, _throw, \"throw\", err);\n  }\n  _next(undefined);\n});",
                  "err": {},
                  "uuid": "7ede1e5f-4af2-4d34-9706-e294217e65e5",
                  "parentUUID": "6417a065-832a-49f5-94a1-3b67c5df9033",
                  "isHook": false,
                  "skipped": false
                },
                {
                  "title": "422 Validation Failed",
                  "fullTitle": "Users Posts Negatuve Test 422 Validation Failed",
                  "timedOut": false,
                  "duration": 717,
                  "state": "passed",
                  "speed": "slow",
                  "pass": true,
                  "fail": false,
                  "pending": false,
                  "context": null,
                  "code": "var self = this,\n    args = arguments;\nreturn new Promise(function (resolve, reject) {\n  var gen = fn.apply(self, args);\n  function _next(value) {\n    asyncGeneratorStep(gen, resolve, reject, _next, _throw, \"next\", value);\n  }\n  function _throw(err) {\n    asyncGeneratorStep(gen, resolve, reject, _next, _throw, \"throw\", err);\n  }\n  _next(undefined);\n});",
                  "err": {},
                  "uuid": "4c85b12e-0d98-4a25-b86c-fdc073e14468",
                  "parentUUID": "6417a065-832a-49f5-94a1-3b67c5df9033",
                  "isHook": false,
                  "skipped": false
                }
              ],
              "suites": [],
              "passes": [
                "7ede1e5f-4af2-4d34-9706-e294217e65e5",
                "4c85b12e-0d98-4a25-b86c-fdc073e14468"
              ],
              "failures": [],
              "pending": [],
              "skipped": [],
              "duration": 1401,
              "root": false,
              "rootEmpty": false,
              "_timeout": 5000
            }
          ],
          "passes": [
            "a41a6b26-aa1e-463e-9beb-4c7449aafe37",
            "c0fe107e-d86d-4851-87da-279054ea9499"
          ],
          "failures": [],
          "pending": [],
          "skipped": [],
          "duration": 1456,
          "root": false,
          "rootEmpty": false,
          "_timeout": 5000
        },
        {
          "uuid": "cc7b6cfb-9301-44d8-b8f4-9a9f29ea664e",
          "title": "Users",
          "fullFile": "G:\\Automation Bro\\super-api-test\\test\\user-advanced.js",
          "file": "\\test\\user-advanced.js",
          "beforeHooks": [],
          "afterHooks": [],
          "tests": [],
          "suites": [
            {
              "uuid": "12f28b59-fca3-4845-97dd-e3b6937ecf06",
              "title": "POST",
              "fullFile": "G:\\Automation Bro\\super-api-test\\test\\user-advanced.js",
              "file": "\\test\\user-advanced.js",
              "beforeHooks": [],
              "afterHooks": [],
              "tests": [
                {
                  "title": "Post /users ",
                  "fullTitle": "Users POST Post /users ",
                  "timedOut": false,
                  "duration": 736,
                  "state": "passed",
                  "speed": "slow",
                  "pass": true,
                  "fail": false,
                  "pending": false,
                  "context": null,
                  "code": "var data = {\n  email: faker.internet.email(),\n  name: faker.name.firstName(),\n  gender: \"male\",\n  status: \"active\"\n};\nreturn _commmon[\"default\"].post('users').set('Authorization', \"Bearer \".concat(TOKEN)).send(data).then(function (res) {\n  userId = res.body.data.id;\n  console.log(userId);\n  if (res.status == 201) {\n    console.log(\"Test Passed\");\n  } else {\n    console.log(\"Test Failed\");\n  }\n  (0, _chai.expect)(res.body.data).to.deep.include(data);\n});",
                  "err": {},
                  "uuid": "8eb49ff4-9326-4802-b449-ac4964f648aa",
                  "parentUUID": "12f28b59-fca3-4845-97dd-e3b6937ecf06",
                  "isHook": false,
                  "skipped": false
                }
              ],
              "suites": [],
              "passes": [
                "8eb49ff4-9326-4802-b449-ac4964f648aa"
              ],
              "failures": [],
              "pending": [],
              "skipped": [],
              "duration": 736,
              "root": false,
              "rootEmpty": false,
              "_timeout": 5000
            },
            {
              "uuid": "1b360f09-6243-4b71-9b68-7d46353a7982",
              "title": "GET",
              "fullFile": "G:\\Automation Bro\\super-api-test\\test\\user-advanced.js",
              "file": "\\test\\user-advanced.js",
              "beforeHooks": [],
              "afterHooks": [],
              "tests": [
                {
                  "title": "all users",
                  "fullTitle": "Users GET all users",
                  "timedOut": false,
                  "duration": 730,
                  "state": "passed",
                  "speed": "slow",
                  "pass": true,
                  "fail": false,
                  "pending": false,
                  "context": null,
                  "code": "return _commmon[\"default\"].get(\"users?access-token=\".concat(TOKEN)).then(function (res) {\n  (0, _chai.expect)(200);\n  (0, _chai.expect)(res.body.data).to.not.be.empty;\n});",
                  "err": {},
                  "uuid": "c084b7e5-1ce1-4246-9f61-aeeac512873c",
                  "parentUUID": "1b360f09-6243-4b71-9b68-7d46353a7982",
                  "isHook": false,
                  "skipped": false
                },
                {
                  "title": " Specific users ",
                  "fullTitle": "Users GET  Specific users ",
                  "timedOut": false,
                  "duration": 720,
                  "state": "passed",
                  "speed": "slow",
                  "pass": true,
                  "fail": false,
                  "pending": false,
                  "context": null,
                  "code": "return _commmon[\"default\"].get(\"users/\".concat(userId, \"?access-token=\").concat(TOKEN)).then(function (res) {\n  (0, _chai.expect)(200);\n  (0, _chai.expect)(res.body.data.id).to.be.eq(userId);\n});",
                  "err": {},
                  "uuid": "7769f373-4806-472e-97d0-90b351cf621d",
                  "parentUUID": "1b360f09-6243-4b71-9b68-7d46353a7982",
                  "isHook": false,
                  "skipped": false
                },
                {
                  "title": "users with query params",
                  "fullTitle": "Users GET users with query params",
                  "timedOut": false,
                  "duration": 710,
                  "state": "passed",
                  "speed": "slow",
                  "pass": true,
                  "fail": false,
                  "pending": false,
                  "context": null,
                  "code": "var url = \"users?access-token=\".concat(TOKEN, \"&page=5&gender=female&status=active\");\nreturn _commmon[\"default\"].get(url).then(function (res) {\n  (0, _chai.expect)(200);\n  console.log(res.body);\n  (0, _chai.expect)(res.body.data).to.not.be.empty;\n  res.body.data.forEach(function (data) {\n    (0, _chai.expect)(data.gender).to.be.eq('female');\n    (0, _chai.expect)(data.status).to.be.eq('active');\n  });\n  (0, _chai.expect)(res.body.meta.pagination.page).to.be.eq(5);\n});",
                  "err": {},
                  "uuid": "a4d15545-1545-49a9-865a-cbda659328f0",
                  "parentUUID": "1b360f09-6243-4b71-9b68-7d46353a7982",
                  "isHook": false,
                  "skipped": false
                }
              ],
              "suites": [],
              "passes": [
                "c084b7e5-1ce1-4246-9f61-aeeac512873c",
                "7769f373-4806-472e-97d0-90b351cf621d",
                "a4d15545-1545-49a9-865a-cbda659328f0"
              ],
              "failures": [],
              "pending": [],
              "skipped": [],
              "duration": 2160,
              "root": false,
              "rootEmpty": false,
              "_timeout": 5000
            },
            {
              "uuid": "84f9439b-df65-41b2-ad3d-3ebe80b4ee33",
              "title": "Put test",
              "fullFile": "G:\\Automation Bro\\super-api-test\\test\\user-advanced.js",
              "file": "\\test\\user-advanced.js",
              "beforeHooks": [],
              "afterHooks": [],
              "tests": [
                {
                  "title": "Put /users/:id ",
                  "fullTitle": "Users Put test Put /users/:id ",
                  "timedOut": false,
                  "duration": 720,
                  "state": "passed",
                  "speed": "slow",
                  "pass": true,
                  "fail": false,
                  "pending": false,
                  "context": null,
                  "code": "var editdata = {\n  gender: \"female\",\n  status: \"active\"\n};\nreturn _commmon[\"default\"].put(\"users/\".concat(userId)).set('Authorization', \"Bearer \".concat(TOKEN)).send(editdata).then(function (res) {\n  (0, _chai.expect)(200);\n  (0, _chai.expect)(res.body.data).to.deep.include(editdata);\n});",
                  "err": {},
                  "uuid": "b2ba6aba-7183-42bf-adfa-8ff4aeff1263",
                  "parentUUID": "84f9439b-df65-41b2-ad3d-3ebe80b4ee33",
                  "isHook": false,
                  "skipped": false
                }
              ],
              "suites": [],
              "passes": [
                "b2ba6aba-7183-42bf-adfa-8ff4aeff1263"
              ],
              "failures": [],
              "pending": [],
              "skipped": [],
              "duration": 720,
              "root": false,
              "rootEmpty": false,
              "_timeout": 5000
            },
            {
              "uuid": "9add548a-888d-4694-9770-ed3a0fc5ac6d",
              "title": "Delete user",
              "fullFile": "G:\\Automation Bro\\super-api-test\\test\\user-advanced.js",
              "file": "\\test\\user-advanced.js",
              "beforeHooks": [],
              "afterHooks": [],
              "tests": [
                {
                  "title": "users/:id ",
                  "fullTitle": "Users Delete user users/:id ",
                  "timedOut": false,
                  "duration": 731,
                  "state": "passed",
                  "speed": "slow",
                  "pass": true,
                  "fail": false,
                  "pending": false,
                  "context": null,
                  "code": "return _commmon[\"default\"][\"delete\"](\"users/\".concat(userId, \"?access-token=\").concat(TOKEN)).then(function (res) {\n  (0, _chai.expect)(204);\n  console.log(res.body);\n  (0, _chai.expect)(res.body.data).to.be.undefined;\n});",
                  "err": {},
                  "uuid": "30ed75ae-0f8d-483c-a07a-8cb614403ac2",
                  "parentUUID": "9add548a-888d-4694-9770-ed3a0fc5ac6d",
                  "isHook": false,
                  "skipped": false
                }
              ],
              "suites": [],
              "passes": [
                "30ed75ae-0f8d-483c-a07a-8cb614403ac2"
              ],
              "failures": [],
              "pending": [],
              "skipped": [],
              "duration": 731,
              "root": false,
              "rootEmpty": false,
              "_timeout": 5000
            }
          ],
          "passes": [],
          "failures": [],
          "pending": [],
          "skipped": [],
          "duration": 0,
          "root": false,
          "rootEmpty": false,
          "_timeout": 5000
        },
        {
          "uuid": "59003406-e5db-4704-abac-ddf879d5e294",
          "title": "Users",
          "fullFile": "G:\\Automation Bro\\super-api-test\\test\\user.js",
          "file": "\\test\\user.js",
          "beforeHooks": [],
          "afterHooks": [],
          "tests": [
            {
              "title": "GET /users",
              "fullTitle": "Users GET /users",
              "timedOut": false,
              "duration": 693,
              "state": "passed",
              "speed": "slow",
              "pass": true,
              "fail": false,
              "pending": false,
              "context": null,
              "code": "return request.get(\"users?access-token=\".concat(TOKEN)).then(function (res) {\n  (0, _chai.expect)(200);\n  (0, _chai.expect)(res.body.data).to.not.be.empty;\n});",
              "err": {},
              "uuid": "40b9b3af-7a70-4ab7-acb6-69a404ff0c5f",
              "parentUUID": "59003406-e5db-4704-abac-ddf879d5e294",
              "isHook": false,
              "skipped": false
            },
            {
              "title": "GET / Specific users ",
              "fullTitle": "Users GET / Specific users ",
              "timedOut": false,
              "duration": 713,
              "state": "passed",
              "speed": "slow",
              "pass": true,
              "fail": false,
              "pending": false,
              "context": null,
              "code": "return request.get(\"users/313?access-token=\".concat(TOKEN)).then(function (res) {\n  (0, _chai.expect)(200);\n  (0, _chai.expect)(res.body.data.id).to.be.eq(313);\n});",
              "err": {},
              "uuid": "bf6fb5d6-ded5-4f3e-9dd6-e8ed87df755a",
              "parentUUID": "59003406-e5db-4704-abac-ddf879d5e294",
              "isHook": false,
              "skipped": false
            },
            {
              "title": "GET /users with query params",
              "fullTitle": "Users GET /users with query params",
              "timedOut": false,
              "duration": 726,
              "state": "passed",
              "speed": "slow",
              "pass": true,
              "fail": false,
              "pending": false,
              "context": null,
              "code": "var url = \"users?access-token=\".concat(TOKEN, \"&page=5&gender=female&status=active\");\nreturn request.get(url).then(function (res) {\n  (0, _chai.expect)(200);\n  console.log(res.body);\n  (0, _chai.expect)(res.body.data).to.not.be.empty;\n  res.body.data.forEach(function (data) {\n    (0, _chai.expect)(data.gender).to.be.eq('female');\n    (0, _chai.expect)(data.status).to.be.eq('active');\n  }); //console.log(res.body.meta)\n  (0, _chai.expect)(res.body.meta.pagination.page).to.be.eq(5);\n});",
              "err": {},
              "uuid": "2a09046d-4d95-4e76-9547-b4eebe2d5920",
              "parentUUID": "59003406-e5db-4704-abac-ddf879d5e294",
              "isHook": false,
              "skipped": false
            },
            {
              "title": "Post /users ",
              "fullTitle": "Users Post /users ",
              "timedOut": false,
              "duration": 707,
              "state": "passed",
              "speed": "slow",
              "pass": true,
              "fail": false,
              "pending": false,
              "context": null,
              "code": "var data = {\n  email: faker.internet.email(),\n  name: faker.name.firstName(),\n  gender: \"male\",\n  status: \"active\"\n};\nreturn request.post('users').set('Authorization', \"Bearer \".concat(TOKEN)).send(data).then(function (res) {\n  // return request.post(`users?access-token=${TOKEN}&email=fahimali3@gmail.com&name=hasibali&gender=male&status=active`).then((res)=>{\n  (0, _chai.expect)(201);\n  (0, _chai.expect)(res.body.data).to.deep.include(data);\n  UserID = res.body.data.id;\n});",
              "err": {},
              "uuid": "2abc4124-351b-4c20-bcd8-e317eb403ed0",
              "parentUUID": "59003406-e5db-4704-abac-ddf879d5e294",
              "isHook": false,
              "skipped": false
            },
            {
              "title": "Put /users/:id ",
              "fullTitle": "Users Put /users/:id ",
              "timedOut": false,
              "duration": 719,
              "state": "passed",
              "speed": "slow",
              "pass": true,
              "fail": false,
              "pending": false,
              "context": null,
              "code": "var editdata = {\n  gender: \"female\",\n  status: \"active\"\n};\nreturn request.put('users/313').set('Authorization', \"Bearer \".concat(TOKEN)).send(editdata).then(function (res) {\n  if (res.status == 200) {\n    console.log(\"Test Passed\");\n  } else {\n    console.log(\"Test Failed\");\n  }\n  (0, _chai.expect)(res.body.data).to.deep.include(editdata);\n});",
              "err": {},
              "uuid": "bc2538a0-a505-403f-916d-0e8964ca52ae",
              "parentUUID": "59003406-e5db-4704-abac-ddf879d5e294",
              "isHook": false,
              "skipped": false
            },
            {
              "title": "Delete /users/:id ",
              "fullTitle": "Users Delete /users/:id ",
              "timedOut": false,
              "duration": 729,
              "state": "passed",
              "speed": "slow",
              "pass": true,
              "fail": false,
              "pending": false,
              "context": null,
              "code": "return request[\"delete\"](\"users/\".concat(UserID, \"?access-token=\").concat(TOKEN)).then(function (res) {\n  (0, _chai.expect)(204);\n  (0, _chai.expect)(res.body.data).to.be.undefined;\n});",
              "err": {},
              "uuid": "91a958d5-41ab-44c8-bb26-510d83bb72d3",
              "parentUUID": "59003406-e5db-4704-abac-ddf879d5e294",
              "isHook": false,
              "skipped": false
            }
          ],
          "suites": [],
          "passes": [
            "40b9b3af-7a70-4ab7-acb6-69a404ff0c5f",
            "bf6fb5d6-ded5-4f3e-9dd6-e8ed87df755a",
            "2a09046d-4d95-4e76-9547-b4eebe2d5920",
            "2abc4124-351b-4c20-bcd8-e317eb403ed0",
            "bc2538a0-a505-403f-916d-0e8964ca52ae",
            "91a958d5-41ab-44c8-bb26-510d83bb72d3"
          ],
          "failures": [],
          "pending": [],
          "skipped": [],
          "duration": 4287,
          "root": false,
          "rootEmpty": false,
          "_timeout": 5000
        }
      ],
      "passes": [],
      "failures": [],
      "pending": [],
      "skipped": [],
      "duration": 0,
      "root": true,
      "rootEmpty": true,
      "_timeout": 5000
    }
  ],
  "meta": {
    "mocha": {
      "version": "9.1.1"
    },
    "mochawesome": {
      "options": {
        "quiet": false,
        "reportFilename": "mochawesome",
        "saveHtml": true,
        "saveJson": true,
        "consoleReporter": "spec",
        "useInlineDiffs": false,
        "code": true
      },
      "version": "6.2.2"
    },
    "marge": {
      "options": null,
      "version": "5.2.0"
    }
  }
}